[1.943s] DEBUG:colcon:Command line arguments: ['/usr/bin/colcon', 'build', '--packages-select', 'mecha_robot_description']
[1.944s] DEBUG:colcon:Parsed command line arguments: Namespace(log_base=None, log_level=None, verb_name='build', build_base='build', install_base='install', merge_install=False, symlink_install=False, test_result_base=None, continue_on_error=False, executor='parallel', parallel_workers=8, event_handlers=None, ignore_user_meta=False, metas=['./colcon.meta'], base_paths=['.'], packages_ignore=None, packages_ignore_regex=None, paths=None, packages_up_to=None, packages_up_to_regex=None, packages_above=None, packages_above_and_dependencies=None, packages_above_depth=None, packages_select_by_dep=None, packages_skip_by_dep=None, packages_skip_up_to=None, packages_select_build_failed=False, packages_skip_build_finished=False, packages_select_test_failures=False, packages_skip_test_passed=False, packages_select=['mecha_robot_description'], packages_skip=None, packages_select_regex=None, packages_skip_regex=None, packages_start=None, packages_end=None, allow_overriding=[], cmake_args=None, cmake_target=None, cmake_target_skip_unavailable=False, cmake_clean_cache=False, cmake_clean_first=False, cmake_force_configure=False, ament_cmake_args=None, catkin_cmake_args=None, catkin_skip_building_tests=False, verb_parser=<colcon_defaults.argument_parser.defaults.DefaultArgumentsDecorator object at 0x70080148a1b0>, verb_extension=<colcon_core.verb.build.BuildVerb object at 0x700801465280>, main=<bound method BuildVerb.main of <colcon_core.verb.build.BuildVerb object at 0x700801465280>>)
[2.491s] Level 1:colcon.colcon_core.package_discovery:discover_packages(colcon_meta) check parameters
[2.491s] Level 1:colcon.colcon_core.package_discovery:discover_packages(recursive) check parameters
[2.493s] Level 1:colcon.colcon_core.package_discovery:discover_packages(ignore) check parameters
[2.494s] Level 1:colcon.colcon_core.package_discovery:discover_packages(path) check parameters
[2.495s] Level 1:colcon.colcon_core.package_discovery:discover_packages(colcon_meta) discover
[2.500s] Level 1:colcon.colcon_core.package_discovery:discover_packages(recursive) discover
[2.504s] INFO:colcon.colcon_core.package_discovery:Crawling recursively for packages in '/home/mohammed-blazers/ros2_ws/src/mecha_robotic_arm_ros2/mecha_robot_description/urdf/robots'
[2.508s] Level 1:colcon.colcon_core.package_identification:_identify(.) by extensions ['ignore', 'ignore_ament_install']
[2.508s] Level 1:colcon.colcon_core.package_identification:_identify(.) by extension 'ignore'
[2.509s] Level 1:colcon.colcon_core.package_identification:_identify(.) by extension 'ignore_ament_install'
[2.510s] Level 1:colcon.colcon_core.package_identification:_identify(.) by extensions ['colcon_pkg']
[2.510s] Level 1:colcon.colcon_core.package_identification:_identify(.) by extension 'colcon_pkg'
[2.511s] Level 1:colcon.colcon_core.package_identification:_identify(.) by extensions ['colcon_meta']
[2.511s] Level 1:colcon.colcon_core.package_identification:_identify(.) by extension 'colcon_meta'
[2.511s] Level 1:colcon.colcon_core.package_identification:_identify(.) by extensions ['ros']
[2.512s] Level 1:colcon.colcon_core.package_identification:_identify(.) by extension 'ros'
[2.715s] Level 1:colcon.colcon_core.package_identification:_identify(.) by extensions ['cmake', 'python']
[2.716s] Level 1:colcon.colcon_core.package_identification:_identify(.) by extension 'cmake'
[2.716s] Level 1:colcon.colcon_core.package_identification:_identify(.) by extension 'python'
[2.716s] Level 1:colcon.colcon_core.package_identification:_identify(.) by extensions ['python_setup_py']
[2.717s] Level 1:colcon.colcon_core.package_identification:_identify(.) by extension 'python_setup_py'
[2.718s] Level 1:colcon.colcon_core.package_identification:_identify(build) by extensions ['ignore', 'ignore_ament_install']
[2.719s] Level 1:colcon.colcon_core.package_identification:_identify(build) by extension 'ignore'
[2.719s] Level 1:colcon.colcon_core.package_identification:_identify(build) ignored
[2.720s] Level 1:colcon.colcon_core.package_identification:_identify(install) by extensions ['ignore', 'ignore_ament_install']
[2.721s] Level 1:colcon.colcon_core.package_identification:_identify(install) by extension 'ignore'
[2.721s] Level 1:colcon.colcon_core.package_identification:_identify(install) ignored
[2.722s] Level 1:colcon.colcon_core.package_identification:_identify(log) by extensions ['ignore', 'ignore_ament_install']
[2.722s] Level 1:colcon.colcon_core.package_identification:_identify(log) by extension 'ignore'
[2.723s] Level 1:colcon.colcon_core.package_identification:_identify(log) ignored
[2.723s] Level 1:colcon.colcon_core.package_discovery:discover_packages(recursive) using defaults
[2.723s] Level 1:colcon.colcon_core.package_discovery:discover_packages(ignore) discover
[2.723s] Level 1:colcon.colcon_core.package_discovery:discover_packages(ignore) using defaults
[2.724s] Level 1:colcon.colcon_core.package_discovery:discover_packages(path) discover
[2.724s] Level 1:colcon.colcon_core.package_discovery:discover_packages(path) using defaults
[2.725s] WARNING:colcon.colcon_core.package_selection:ignoring unknown package 'mecha_robot_description' in --packages-select
[2.905s] Level 1:colcon.colcon_core.package_discovery:discover_packages(prefix_path) check parameters
[2.906s] Level 1:colcon.colcon_core.package_discovery:discover_packages(prefix_path) discover
[2.945s] DEBUG:colcon.colcon_installed_package_information.package_discovery:Found 9 installed packages in /home/mohammed-blazers/ros2_ws/install
[2.963s] DEBUG:colcon.colcon_installed_package_information.package_discovery:Found 487 installed packages in /opt/ros/jazzy
[2.970s] Level 1:colcon.colcon_core.package_discovery:discover_packages(prefix_path) using defaults
[3.467s] INFO:colcon.colcon_core.executor:Executing jobs using 'parallel' executor
[3.473s] DEBUG:colcon.colcon_parallel_executor.executor.parallel:run_until_complete
[3.474s] DEBUG:colcon.colcon_parallel_executor.executor.parallel:closing loop
[3.475s] DEBUG:colcon.colcon_parallel_executor.executor.parallel:loop closed
[3.475s] DEBUG:colcon.colcon_parallel_executor.executor.parallel:run_until_complete finished with '0'
[3.476s] DEBUG:colcon.colcon_core.event_reactor:joining thread
[3.528s] INFO:colcon.colcon_core.plugin_system:Skipping extension 'colcon_notification.desktop_notification.terminal_notifier': Not used on non-Darwin systems
[3.528s] INFO:colcon.colcon_core.plugin_system:Skipping extension 'colcon_notification.desktop_notification.win32': Not used on non-Windows systems
[3.528s] INFO:colcon.colcon_notification.desktop_notification:Sending desktop notification using 'notify2'
[3.661s] DEBUG:colcon.colcon_core.event_reactor:joined thread
[3.722s] INFO:colcon.colcon_core.plugin_system:Skipping extension 'colcon_core.shell.bat': Not used on non-Windows systems
[3.723s] INFO:colcon.colcon_core.shell:Creating prefix script '/home/mohammed-blazers/ros2_ws/src/mecha_robotic_arm_ros2/mecha_robot_description/urdf/robots/install/local_setup.ps1'
[3.731s] INFO:colcon.colcon_core.shell:Creating prefix util module '/home/mohammed-blazers/ros2_ws/src/mecha_robotic_arm_ros2/mecha_robot_description/urdf/robots/install/_local_setup_util_ps1.py'
[3.738s] INFO:colcon.colcon_core.shell:Creating prefix chain script '/home/mohammed-blazers/ros2_ws/src/mecha_robotic_arm_ros2/mecha_robot_description/urdf/robots/install/setup.ps1'
[3.751s] INFO:colcon.colcon_core.shell:Creating prefix script '/home/mohammed-blazers/ros2_ws/src/mecha_robotic_arm_ros2/mecha_robot_description/urdf/robots/install/local_setup.sh'
[3.755s] INFO:colcon.colcon_core.shell:Creating prefix util module '/home/mohammed-blazers/ros2_ws/src/mecha_robotic_arm_ros2/mecha_robot_description/urdf/robots/install/_local_setup_util_sh.py'
[3.758s] INFO:colcon.colcon_core.shell:Creating prefix chain script '/home/mohammed-blazers/ros2_ws/src/mecha_robotic_arm_ros2/mecha_robot_description/urdf/robots/install/setup.sh'
[3.772s] INFO:colcon.colcon_core.shell:Creating prefix script '/home/mohammed-blazers/ros2_ws/src/mecha_robotic_arm_ros2/mecha_robot_description/urdf/robots/install/local_setup.bash'
[3.785s] INFO:colcon.colcon_core.shell:Creating prefix chain script '/home/mohammed-blazers/ros2_ws/src/mecha_robotic_arm_ros2/mecha_robot_description/urdf/robots/install/setup.bash'
[3.800s] INFO:colcon.colcon_core.shell:Creating prefix script '/home/mohammed-blazers/ros2_ws/src/mecha_robotic_arm_ros2/mecha_robot_description/urdf/robots/install/local_setup.zsh'
[3.808s] INFO:colcon.colcon_core.shell:Creating prefix chain script '/home/mohammed-blazers/ros2_ws/src/mecha_robotic_arm_ros2/mecha_robot_description/urdf/robots/install/setup.zsh'
